0 info it worked if it ends with ok
1 verbose cli [ 'C:\\Program Files\\nodejs\\node.exe',
1 verbose cli   'C:\\Program Files\\nodejs\\node_modules\\npm\\bin\\npm-cli.js',
1 verbose cli   'install',
1 verbose cli   '--save',
1 verbose cli   'plotly.js/lib/core',
1 verbose cli   'plotly.js/lib/pie' ]
2 info using npm@3.10.10
3 info using node@v6.11.0
4 silly loadCurrentTree Starting
5 silly install loadCurrentTree
6 silly install readLocalPackageData
7 silly fetchPackageMetaData plotly.js/lib/core
8 silly fetchPackageMetaData plotly.js/lib/pie
9 silly fetchOtherPackageData plotly.js/lib/core
10 silly cache add args [ 'plotly.js/lib/core', null ]
11 verbose cache add spec plotly.js/lib/core
12 silly fetchOtherPackageData plotly.js/lib/pie
13 silly cache add args [ 'plotly.js/lib/pie', null ]
14 verbose cache add spec plotly.js/lib/pie
15 silly cache add parsed spec Result {
15 silly cache add   raw: 'plotly.js/lib/core',
15 silly cache add   scope: null,
15 silly cache add   escapedName: null,
15 silly cache add   name: null,
15 silly cache add   rawSpec: 'plotly.js/lib/core',
15 silly cache add   spec: 'C:\\Users\\rain\\Documents\\brainlife\\core-warehouse\\ui\\config\\plotly.js\\lib\\core',
15 silly cache add   type: 'local' }
16 silly cache add parsed spec Result {
16 silly cache add   raw: 'plotly.js/lib/pie',
16 silly cache add   scope: null,
16 silly cache add   escapedName: null,
16 silly cache add   name: null,
16 silly cache add   rawSpec: 'plotly.js/lib/pie',
16 silly cache add   spec: 'C:\\Users\\rain\\Documents\\brainlife\\core-warehouse\\ui\\config\\plotly.js\\lib\\pie',
16 silly cache add   type: 'local' }
17 error addLocal Could not install C:\Users\rain\Documents\brainlife\core-warehouse\ui\config\plotly.js\lib\core
18 silly fetchPackageMetaData Error: ENOENT: no such file or directory, open 'C:\Users\rain\Documents\brainlife\core-warehouse\ui\config\plotly.js\lib\core'
18 silly fetchPackageMetaData     at Error (native)
18 silly fetchPackageMetaData  error for plotly.js/lib/core { Error: ENOENT: no such file or directory, open 'C:\Users\rain\Documents\brainlife\core-warehouse\ui\config\plotly.js\lib\core'
18 silly fetchPackageMetaData     at Error (native)
18 silly fetchPackageMetaData   errno: -4058,
18 silly fetchPackageMetaData   code: 'ENOENT',
18 silly fetchPackageMetaData   syscall: 'open',
18 silly fetchPackageMetaData   path: 'C:\\Users\\rain\\Documents\\brainlife\\core-warehouse\\ui\\config\\plotly.js\\lib\\core' }
19 error addLocal Could not install C:\Users\rain\Documents\brainlife\core-warehouse\ui\config\plotly.js\lib\pie
20 silly fetchPackageMetaData Error: ENOENT: no such file or directory, open 'C:\Users\rain\Documents\brainlife\core-warehouse\ui\config\plotly.js\lib\pie'
20 silly fetchPackageMetaData     at Error (native)
20 silly fetchPackageMetaData  error for plotly.js/lib/pie { Error: ENOENT: no such file or directory, open 'C:\Users\rain\Documents\brainlife\core-warehouse\ui\config\plotly.js\lib\pie'
20 silly fetchPackageMetaData     at Error (native)
20 silly fetchPackageMetaData   errno: -4058,
20 silly fetchPackageMetaData   code: 'ENOENT',
20 silly fetchPackageMetaData   syscall: 'open',
20 silly fetchPackageMetaData   path: 'C:\\Users\\rain\\Documents\\brainlife\\core-warehouse\\ui\\config\\plotly.js\\lib\\pie' }
21 silly rollbackFailedOptional Starting
22 silly rollbackFailedOptional Finishing
23 silly runTopLevelLifecycles Finishing
24 silly install printInstalled
25 verbose stack Error: ENOENT: no such file or directory, open 'C:\Users\rain\Documents\brainlife\core-warehouse\ui\config\plotly.js\lib\core'
25 verbose stack     at Error (native)
26 verbose cwd C:\Users\rain\Documents\brainlife\core-warehouse\ui\config
27 error Windows_NT 10.0.15063
28 error argv "C:\\Program Files\\nodejs\\node.exe" "C:\\Program Files\\nodejs\\node_modules\\npm\\bin\\npm-cli.js" "install" "--save" "plotly.js/lib/core" "plotly.js/lib/pie"
29 error node v6.11.0
30 error npm  v3.10.10
31 error path C:\Users\rain\Documents\brainlife\core-warehouse\ui\config\plotly.js\lib\core
32 error code ENOENT
33 error errno -4058
34 error syscall open
35 error enoent ENOENT: no such file or directory, open 'C:\Users\rain\Documents\brainlife\core-warehouse\ui\config\plotly.js\lib\core'
36 error enoent ENOENT: no such file or directory, open 'C:\Users\rain\Documents\brainlife\core-warehouse\ui\config\plotly.js\lib\core'
36 error enoent This is most likely not a problem with npm itself
36 error enoent and is related to npm not being able to find a file.
37 verbose exit [ -4058, true ]
